d:\game development\school project\semester 7\game engine\assignment 3 latest game engine compilation\0118856_teena_neongameengine\consoleapplication1\debug\vc141.pdb
d:\game development\school project\semester 7\game engine\assignment 3 latest game engine compilation\0118856_teena_neongameengine\consoleapplication1\debug\vc141.idb
d:\game development\school project\semester 7\game engine\assignment 3 latest game engine compilation\0118856_teena_neongameengine\consoleapplication1\debug\vector3.obj
d:\game development\school project\semester 7\game engine\assignment 3 latest game engine compilation\0118856_teena_neongameengine\consoleapplication1\debug\stb_image.obj
d:\game development\school project\semester 7\game engine\assignment 3 latest game engine compilation\0118856_teena_neongameengine\consoleapplication1\debug\sprite.obj
d:\game development\school project\semester 7\game engine\assignment 3 latest game engine compilation\0118856_teena_neongameengine\consoleapplication1\debug\particlesystem.obj
d:\game development\school project\semester 7\game engine\assignment 3 latest game engine compilation\0118856_teena_neongameengine\consoleapplication1\debug\myphoton.obj
d:\game development\school project\semester 7\game engine\assignment 3 latest game engine compilation\0118856_teena_neongameengine\consoleapplication1\debug\gameobject.obj
d:\game development\school project\semester 7\game engine\assignment 3 latest game engine compilation\0118856_teena_neongameengine\consoleapplication1\debug\consoleapplication1.obj
d:\game development\school project\semester 7\game engine\assignment 3 latest game engine compilation\0118856_teena_neongameengine\consoleapplication1\debug\collision.obj
d:\game development\school project\semester 7\game engine\assignment 3 latest game engine compilation\0118856_teena_neongameengine\consoleapplication1\debug\collidegameobject.obj
d:\game development\school project\semester 7\game engine\assignment 3 latest game engine compilation\0118856_teena_neongameengine\consoleapplication1\debug\application.obj
d:\game development\school project\semester 7\game engine\assignment 3 latest game engine compilation\0118856_teena_neongameengine\debug\astran game engine by 0118856 teena.pdb
d:\game development\school project\semester 7\game engine\assignment 3 latest game engine compilation\0118856_teena_neongameengine\consoleapplication1\debug\astran g.b7823f72.tlog\cl.command.1.tlog
d:\game development\school project\semester 7\game engine\assignment 3 latest game engine compilation\0118856_teena_neongameengine\consoleapplication1\debug\astran g.b7823f72.tlog\cl.read.1.tlog
d:\game development\school project\semester 7\game engine\assignment 3 latest game engine compilation\0118856_teena_neongameengine\consoleapplication1\debug\astran g.b7823f72.tlog\cl.write.1.tlog
d:\game development\school project\semester 7\game engine\assignment 3 latest game engine compilation\0118856_teena_neongameengine\consoleapplication1\debug\astran g.b7823f72.tlog\link-cvtres.read.1.tlog
d:\game development\school project\semester 7\game engine\assignment 3 latest game engine compilation\0118856_teena_neongameengine\consoleapplication1\debug\astran g.b7823f72.tlog\link-cvtres.write.1.tlog
d:\game development\school project\semester 7\game engine\assignment 3 latest game engine compilation\0118856_teena_neongameengine\consoleapplication1\debug\astran g.b7823f72.tlog\link-rc.read.1.tlog
d:\game development\school project\semester 7\game engine\assignment 3 latest game engine compilation\0118856_teena_neongameengine\consoleapplication1\debug\astran g.b7823f72.tlog\link-rc.write.1.tlog
d:\game development\school project\semester 7\game engine\assignment 3 latest game engine compilation\0118856_teena_neongameengine\consoleapplication1\debug\astran g.b7823f72.tlog\link.command.1.tlog
d:\game development\school project\semester 7\game engine\assignment 3 latest game engine compilation\0118856_teena_neongameengine\consoleapplication1\debug\astran g.b7823f72.tlog\link.read.1.tlog
d:\game development\school project\semester 7\game engine\assignment 3 latest game engine compilation\0118856_teena_neongameengine\consoleapplication1\debug\astran g.b7823f72.tlog\link.write.1.tlog
