C:\Program Files (x86)\Microsoft Visual Studio\2017\Community\Common7\IDE\VC\VCTargets\Microsoft.CppBuild.targets(391,5): warning MSB8028: The intermediate directory (Debug\) contains files shared from another project (Neon Game Engine by 0118856 Teena.vcxproj, Particle System by 0118856 Teena.vcxproj).  This can lead to incorrect clean and rebuild behavior.
  Application.cpp
  CollideGameObject.cpp
  Collision.cpp
  ConsoleApplication1.cpp
c:\program files (x86)\windows kits\10\include\10.0.17763.0\shared\minwindef.h(130): warning C4005: 'APIENTRY': macro redefinition
  d:\game development\school project\allassignmentfinalversion\0118856_teena_astrangameengine\dependency\glfw\include\glfw\glfw3.h(104): note: see previous definition of 'APIENTRY'
d:\game development\school project\allassignmentfinalversion\0118856_teena_astrangameengine\consoleapplication1\particleobject.h(39): warning C4244: '=': conversion from 'double' to 'float', possible loss of data
d:\game development\school project\allassignmentfinalversion\0118856_teena_astrangameengine\consoleapplication1\particleobject.h(44): warning C4244: '=': conversion from 'double' to 'float', possible loss of data
d:\game development\school project\allassignmentfinalversion\0118856_teena_astrangameengine\consoleapplication1\affector.h(108): warning C4305: '=': truncation from 'double' to 'float'
d:\game development\school project\allassignmentfinalversion\0118856_teena_astrangameengine\consoleapplication1\affector.h(117): warning C4305: 'initializing': truncation from 'double' to 'float'
d:\game development\school project\allassignmentfinalversion\0118856_teena_astrangameengine\consoleapplication1\gui.h(57): warning C4244: 'argument': conversion from 'int' to 'float', possible loss of data
d:\game development\school project\allassignmentfinalversion\0118856_teena_astrangameengine\consoleapplication1\consoleapplication1.cpp(39): warning C4244: 'argument': conversion from 'float' to 'GLint', possible loss of data
d:\game development\school project\allassignmentfinalversion\0118856_teena_astrangameengine\consoleapplication1\consoleapplication1.cpp(83): warning C4244: 'argument': conversion from 'time_t' to 'unsigned int', possible loss of data
  GameObject.cpp
d:\game development\school project\allassignmentfinalversion\0118856_teena_astrangameengine\consoleapplication1\gameobject.cpp(153): warning C4244: 'argument': conversion from 'double' to 'float', possible loss of data
d:\game development\school project\allassignmentfinalversion\0118856_teena_astrangameengine\consoleapplication1\gameobject.cpp(154): warning C4244: 'argument': conversion from 'double' to 'float', possible loss of data
  MyPhoton.cpp
  ParticleSystem.cpp
d:\game development\school project\allassignmentfinalversion\0118856_teena_astrangameengine\consoleapplication1\particleobject.h(39): warning C4244: '=': conversion from 'double' to 'float', possible loss of data
d:\game development\school project\allassignmentfinalversion\0118856_teena_astrangameengine\consoleapplication1\particleobject.h(44): warning C4244: '=': conversion from 'double' to 'float', possible loss of data
d:\game development\school project\allassignmentfinalversion\0118856_teena_astrangameengine\consoleapplication1\affector.h(108): warning C4305: '=': truncation from 'double' to 'float'
d:\game development\school project\allassignmentfinalversion\0118856_teena_astrangameengine\consoleapplication1\affector.h(117): warning C4305: 'initializing': truncation from 'double' to 'float'
d:\game development\school project\allassignmentfinalversion\0118856_teena_astrangameengine\consoleapplication1\emittershape.h(94): warning C4305: 'initializing': truncation from 'double' to 'float'
d:\game development\school project\allassignmentfinalversion\0118856_teena_astrangameengine\consoleapplication1\emittershape.h(174): warning C4305: 'initializing': truncation from 'double' to 'float'
  Sprite.cpp
d:\game development\school project\allassignmentfinalversion\0118856_teena_astrangameengine\consoleapplication1\sprite.cpp(139): warning C4244: 'argument': conversion from 'double' to 'GLfloat', possible loss of data
d:\game development\school project\allassignmentfinalversion\0118856_teena_astrangameengine\consoleapplication1\sprite.cpp(232): warning C4244: 'argument': conversion from 'double' to 'GLfloat', possible loss of data
  stb_image.cpp
  Vector3.cpp
d:\game development\school project\allassignmentfinalversion\0118856_teena_astrangameengine\consoleapplication1\vector3.cpp(195): warning C4305: 'return': truncation from 'const double' to 'float'
d:\game development\school project\allassignmentfinalversion\0118856_teena_astrangameengine\consoleapplication1\vector3.cpp(199): warning C4244: 'initializing': conversion from 'double' to 'float', possible loss of data
d:\game development\school project\allassignmentfinalversion\0118856_teena_astrangameengine\consoleapplication1\vector3.cpp(214): warning C4305: 'return': truncation from 'const double' to 'float'
d:\game development\school project\allassignmentfinalversion\0118856_teena_astrangameengine\consoleapplication1\vector3.cpp(219): warning C4244: 'initializing': conversion from 'double' to 'float', possible loss of data
  Generating Code...
LINK : warning LNK4098: defaultlib 'MSVCRT' conflicts with use of other libs; use /NODEFAULTLIB:library
  ConsoleApplication1.vcxproj -> D:\Game Development\School Project\AllAssignmentFinalVersion\0118856_Teena_AstranGameEngine\Debug\Astran Game Engine by 0118856 Teena.exe
